<?xml version="1.0" encoding="UTF-8"?>
<testsuite name="GigasecondTest" tests="1" skipped="0" failures="0" errors="0" timestamp="2019-07-09T17:08:46" hostname="anusha" time="0.023">
  <properties/>
  <testcase name="beforeEpochTime" classname="GigasecondTest" time="0.023"/>
  <system-out><![CDATA[]]></system-out>
  <system-err><![CDATA[]]></system-err>
</testsuite>
